<?xml version="1.0" encoding="UTF-8"?>
<!-- Generated by org.testng.reporters.JUnitXMLReporter -->
<testsuite ignored="0" hostname="DESKTOP-6N7C94L" failures="0" tests="1" name="Test" time="1.33" errors="0" timestamp="2024-12-12T17:11:16 IST">
  <testcase classname="base.BaseTest" name="@BeforeSuite startAppiumServer" time="20.849">
    <failure type="io.appium.java_client.service.local.AppiumServerHasNotBeenStartedLocallyException" message="[The local appium server has not been started, Reason: Timed out waiting for [http://127.0.0.1:4723/status] to be available after 20009 ms, Consider increasing the server startup timeout value (currently 20000ms), Node.js executable path: C:\Program Files\nodejs\node.exe, Arguments: [C:\Users\dell\AppData\Roaming\npm\node_modules\appium\build\lib\main.js, --port, 4723, --address, 0.0.0.0], Output: [35m[Appium][39m Welcome to Appium v2.6.0
[35m[Appium][39m The autodetected Appium home path: C:\Users\dell\.appium
[35m[Appium][39m Attempting to load driver uiautomator2...
[35m[Appium][39m Requiring driver at C:\Users\dell\.appium\node_modules\appium-uiautomator2-driver\build\index.js
[35m[Appium][39m AndroidUiautomator2Driver has been successfully loaded in 1.524s
[38;5;0m[HTTP][0m Could not start REST http interface listener. The requested port may already be in use. Please make sure there is no other instance of this server running already.
[35m[Appium][39m Could not configure Appium server. It&amp;apos;s possible that a driver or plugin tried to update the server and failed. Original error: listen EADDRINUSE: address already in use 0.0.0.0:4723
[35m[Appium][39m Error: listen EADDRINUSE: address already in use 0.0.0.0:4723
[35m[Appium][39m     at Server.setupListenHandle [as _listen2] (node:net:1898:16)
[35m[Appium][39m     at listenInCluster (node:net:1946:12)
[35m[Appium][39m     at doListen (node:net:2116:7)
[35m[Appium][39m     at processTicksAndRejections (node:internal/process/task_queues:83:21)
]">
      <![CDATA[io.appium.java_client.service.local.AppiumServerHasNotBeenStartedLocallyException: [The local appium server has not been started, Reason: Timed out waiting for [http://127.0.0.1:4723/status] to be available after 20009 ms, Consider increasing the server startup timeout value (currently 20000ms), Node.js executable path: C:\Program Files\nodejs\node.exe, Arguments: [C:\Users\dell\AppData\Roaming\npm\node_modules\appium\build\lib\main.js, --port, 4723, --address, 0.0.0.0], Output: [35m[Appium][39m Welcome to Appium v2.6.0
[35m[Appium][39m The autodetected Appium home path: C:\Users\dell\.appium
[35m[Appium][39m Attempting to load driver uiautomator2...
[35m[Appium][39m Requiring driver at C:\Users\dell\.appium\node_modules\appium-uiautomator2-driver\build\index.js
[35m[Appium][39m AndroidUiautomator2Driver has been successfully loaded in 1.524s
[38;5;0m[HTTP][0m Could not start REST http interface listener. The requested port may already be in use. Please make sure there is no other instance of this server running already.
[35m[Appium][39m Could not configure Appium server. It's possible that a driver or plugin tried to update the server and failed. Original error: listen EADDRINUSE: address already in use 0.0.0.0:4723
[35m[Appium][39m Error: listen EADDRINUSE: address already in use 0.0.0.0:4723
[35m[Appium][39m     at Server.setupListenHandle [as _listen2] (node:net:1898:16)
[35m[Appium][39m     at listenInCluster (node:net:1946:12)
[35m[Appium][39m     at doListen (node:net:2116:7)
[35m[Appium][39m     at processTicksAndRejections (node:internal/process/task_queues:83:21)
]
at io.appium.java_client.service.local.AppiumDriverLocalService.start(AppiumDriverLocalService.java:203)
at base.BaseTest.startAppiumServer(BaseTest.java:41)
Caused by: org.openqa.selenium.net.UrlChecker$TimeoutException: Timed out waiting for [http://127.0.0.1:4723/status] to be available after 20009 ms
at org.openqa.selenium.net.UrlChecker.waitUntilAvailable(UrlChecker.java:94)
at io.appium.java_client.service.local.AppiumDriverLocalService.ping(AppiumDriverLocalService.java:157)
at io.appium.java_client.service.local.AppiumDriverLocalService.start(AppiumDriverLocalService.java:182)
... 18 more
Caused by: java.util.concurrent.TimeoutException
at java.base/java.util.concurrent.FutureTask.get(FutureTask.java:204)
at org.openqa.selenium.net.UrlChecker.waitUntilAvailable(UrlChecker.java:91)
... 20 more
... Removed 17 stack frames]]>
    </failure>
  </testcase> <!-- @BeforeSuite startAppiumServer -->
  <testcase classname="base.BaseTest" name="@BeforeMethod setUp" time="0.0">
    <skipped/>
  </testcase> <!-- @BeforeMethod setUp -->
  <testcase classname="base.BaseTest" name="@AfterMethod tearDown" time="0.0">
    <skipped/>
  </testcase> <!-- @AfterMethod tearDown -->
  <testcase classname="UpdatedTestCases.ModifiedOneNegDisWifiCombinedMRO" name="ModifiedOneNegDisWifiCombinedMROMethod" time="0.0">
    <skipped/>
  </testcase> <!-- ModifiedOneNegDisWifiCombinedMROMethod -->
</testsuite> <!-- Test -->
