<?xml version="1.0" encoding="UTF-8"?>
<testng-results ignored="0" total="1" passed="1" failed="0" skipped="0">
  <reporter-output>
  </reporter-output>
  <suite started-at="2024-10-25T15:11:43 IST" name="Suite" finished-at="2024-10-25T15:12:34 IST" duration-ms="51553">
    <groups>
    </groups>
    <test started-at="2024-10-25T15:11:43 IST" name="Test" finished-at="2024-10-25T15:12:34 IST" duration-ms="51553">
      <class name="com.tests.LoginTest">
        <test-method is-config="true" signature="setUp()[pri:0, instance:com.tests.LoginTest@623a8092]" started-at="2024-10-25T15:11:43 IST" name="setUp" finished-at="2024-10-25T15:11:50 IST" duration-ms="6866" status="PASS">
          <reporter-output>
          </reporter-output>
        </test-method> <!-- setUp -->
        <test-method signature="LoginLogout(java.lang.String,java.lang.String)[pri:0, instance:com.tests.LoginTest@623a8092]" started-at="2024-10-25T15:11:50 IST" name="LoginLogout" data-provider="loginData" finished-at="2024-10-25T15:12:34 IST" duration-ms="43190" status="PASS">
          <params>
            <param index="0">
              <value>
                <![CDATA[udupaakshaya+QATest@gmail.com]]>
              </value>
            </param>
            <param index="1">
              <value>
                <![CDATA[ New@1234]]>
              </value>
            </param>
          </params>
          <reporter-output>
          </reporter-output>
        </test-method> <!-- LoginLogout -->
        <test-method is-config="true" signature="tearDown(org.testng.ITestResult)[pri:0, instance:com.tests.LoginTest@623a8092]" started-at="2024-10-25T15:12:34 IST" name="tearDown" finished-at="2024-10-25T15:12:34 IST" duration-ms="313" status="PASS">
          <params>
            <param index="0">
              <value>
                <![CDATA[[TestResult name=LoginLogout status=SUCCESS method=LoginTest.LoginLogout(java.lang.String,java.lang.String)[pri:0, instance:com.tests.LoginTest@623a8092] output={null}]]]>
              </value>
            </param>
          </params>
          <reporter-output>
          </reporter-output>
        </test-method> <!-- tearDown -->
      </class> <!-- com.tests.LoginTest -->
    </test> <!-- Test -->
  </suite> <!-- Suite -->
</testng-results>
