<?xml version="1.0" encoding="UTF-8"?>
<testng-results ignored="0" total="1" passed="0" failed="0" skipped="1">
  <reporter-output>
  </reporter-output>
  <suite started-at="2024-12-12T17:11:14 IST" name="Suite" finished-at="2024-12-12T17:11:15 IST" duration-ms="1330">
    <groups>
    </groups>
    <test started-at="2024-12-12T17:11:14 IST" name="Test" finished-at="2024-12-12T17:11:15 IST" duration-ms="1330">
      <class name="UpdatedTestCases.ModifiedOneNegDisWifiCombinedMRO">
        <test-method is-config="true" signature="startAppiumServer()[pri:0, instance:UpdatedTestCases.ModifiedOneNegDisWifiCombinedMRO@452e19ca]" started-at="2024-12-12T17:10:53 IST" name="startAppiumServer" finished-at="2024-12-12T17:11:14 IST" duration-ms="20849" status="FAIL">
          <exception class="io.appium.java_client.service.local.AppiumServerHasNotBeenStartedLocallyException">
            <message>
              <![CDATA[[The local appium server has not been started, Reason: Timed out waiting for [http://127.0.0.1:4723/status] to be available after 20009 ms, Consider increasing the server startup timeout value (currently 20000ms), Node.js executable path: C:\Program Files\nodejs\node.exe, Arguments: [C:\Users\dell\AppData\Roaming\npm\node_modules\appium\build\lib\main.js, --port, 4723, --address, 0.0.0.0], Output: [35m[Appium][39m Welcome to Appium v2.6.0
[35m[Appium][39m The autodetected Appium home path: C:\Users\dell\.appium
[35m[Appium][39m Attempting to load driver uiautomator2...
[35m[Appium][39m Requiring driver at C:\Users\dell\.appium\node_modules\appium-uiautomator2-driver\build\index.js
[35m[Appium][39m AndroidUiautomator2Driver has been successfully loaded in 1.524s
[38;5;0m[HTTP][0m Could not start REST http interface listener. The requested port may already be in use. Please make sure there is no other instance of this server running already.
[35m[Appium][39m Could not configure Appium server. It's possible that a driver or plugin tried to update the server and failed. Original error: listen EADDRINUSE: address already in use 0.0.0.0:4723
[35m[Appium][39m Error: listen EADDRINUSE: address already in use 0.0.0.0:4723
[35m[Appium][39m     at Server.setupListenHandle [as _listen2] (node:net:1898:16)
[35m[Appium][39m     at listenInCluster (node:net:1946:12)
[35m[Appium][39m     at doListen (node:net:2116:7)
[35m[Appium][39m     at processTicksAndRejections (node:internal/process/task_queues:83:21)
]]]>
            </message>
            <full-stacktrace>
              <![CDATA[io.appium.java_client.service.local.AppiumServerHasNotBeenStartedLocallyException: [The local appium server has not been started, Reason: Timed out waiting for [http://127.0.0.1:4723/status] to be available after 20009 ms, Consider increasing the server startup timeout value (currently 20000ms), Node.js executable path: C:\Program Files\nodejs\node.exe, Arguments: [C:\Users\dell\AppData\Roaming\npm\node_modules\appium\build\lib\main.js, --port, 4723, --address, 0.0.0.0], Output: [35m[Appium][39m Welcome to Appium v2.6.0
[35m[Appium][39m The autodetected Appium home path: C:\Users\dell\.appium
[35m[Appium][39m Attempting to load driver uiautomator2...
[35m[Appium][39m Requiring driver at C:\Users\dell\.appium\node_modules\appium-uiautomator2-driver\build\index.js
[35m[Appium][39m AndroidUiautomator2Driver has been successfully loaded in 1.524s
[38;5;0m[HTTP][0m Could not start REST http interface listener. The requested port may already be in use. Please make sure there is no other instance of this server running already.
[35m[Appium][39m Could not configure Appium server. It's possible that a driver or plugin tried to update the server and failed. Original error: listen EADDRINUSE: address already in use 0.0.0.0:4723
[35m[Appium][39m Error: listen EADDRINUSE: address already in use 0.0.0.0:4723
[35m[Appium][39m     at Server.setupListenHandle [as _listen2] (node:net:1898:16)
[35m[Appium][39m     at listenInCluster (node:net:1946:12)
[35m[Appium][39m     at doListen (node:net:2116:7)
[35m[Appium][39m     at processTicksAndRejections (node:internal/process/task_queues:83:21)
]
at io.appium.java_client.service.local.AppiumDriverLocalService.start(AppiumDriverLocalService.java:203)
at base.BaseTest.startAppiumServer(BaseTest.java:41)
at java.base/jdk.internal.reflect.DirectMethodHandleAccessor.invoke(DirectMethodHandleAccessor.java:103)
at java.base/java.lang.reflect.Method.invoke(Method.java:580)
at org.testng.internal.invokers.MethodInvocationHelper.invokeMethod(MethodInvocationHelper.java:141)
at org.testng.internal.invokers.MethodInvocationHelper.invokeMethodConsideringTimeout(MethodInvocationHelper.java:71)
at org.testng.internal.invokers.ConfigInvoker.invokeConfigurationMethod(ConfigInvoker.java:400)
at org.testng.internal.invokers.ConfigInvoker.invokeConfigurations(ConfigInvoker.java:333)
at org.testng.SuiteRunner.privateRun(SuiteRunner.java:358)
at org.testng.SuiteRunner.run(SuiteRunner.java:312)
at org.testng.SuiteRunnerWorker.runSuite(SuiteRunnerWorker.java:52)
at org.testng.SuiteRunnerWorker.run(SuiteRunnerWorker.java:95)
at org.testng.TestNG.runSuitesSequentially(TestNG.java:1274)
at org.testng.TestNG.runSuitesLocally(TestNG.java:1208)
at org.testng.TestNG.runSuites(TestNG.java:1112)
at org.testng.TestNG.run(TestNG.java:1079)
at org.testng.remote.AbstractRemoteTestNG.run(AbstractRemoteTestNG.java:115)
at org.testng.remote.RemoteTestNG.initAndRun(RemoteTestNG.java:293)
at org.testng.remote.RemoteTestNG.main(RemoteTestNG.java:91)
Caused by: org.openqa.selenium.net.UrlChecker$TimeoutException: Timed out waiting for [http://127.0.0.1:4723/status] to be available after 20009 ms
at org.openqa.selenium.net.UrlChecker.waitUntilAvailable(UrlChecker.java:94)
at io.appium.java_client.service.local.AppiumDriverLocalService.ping(AppiumDriverLocalService.java:157)
at io.appium.java_client.service.local.AppiumDriverLocalService.start(AppiumDriverLocalService.java:182)
... 18 more
Caused by: java.util.concurrent.TimeoutException
at java.base/java.util.concurrent.FutureTask.get(FutureTask.java:204)
at org.openqa.selenium.net.UrlChecker.waitUntilAvailable(UrlChecker.java:91)
... 20 more
]]>
            </full-stacktrace>
          </exception> <!-- io.appium.java_client.service.local.AppiumServerHasNotBeenStartedLocallyException -->
          <reporter-output>
          </reporter-output>
        </test-method> <!-- startAppiumServer -->
        <test-method is-config="true" signature="setUp()[pri:0, instance:UpdatedTestCases.ModifiedOneNegDisWifiCombinedMRO@452e19ca]" started-at="2024-12-12T17:11:15 IST" name="setUp" finished-at="2024-12-12T17:11:15 IST" duration-ms="0" status="SKIP">
          <reporter-output>
          </reporter-output>
        </test-method> <!-- setUp -->
        <test-method signature="ModifiedOneNegDisWifiCombinedMROMethod(java.lang.String,java.lang.String)[pri:0, instance:UpdatedTestCases.ModifiedOneNegDisWifiCombinedMRO@452e19ca]" started-at="2024-12-12T17:11:15 IST" name="ModifiedOneNegDisWifiCombinedMROMethod" data-provider="MROData" finished-at="2024-12-12T17:11:15 IST" duration-ms="0" status="SKIP">
          <params>
            <param index="0">
              <value>
                <![CDATA[mayankkgarg0+stage.pilot@gmail.com]]>
              </value>
            </param>
            <param index="1">
              <value>
                <![CDATA[ New@12345]]>
              </value>
            </param>
          </params>
          <exception class="io.appium.java_client.service.local.AppiumServerHasNotBeenStartedLocallyException">
            <message>
              <![CDATA[[The local appium server has not been started, Reason: Timed out waiting for [http://127.0.0.1:4723/status] to be available after 20009 ms, Consider increasing the server startup timeout value (currently 20000ms), Node.js executable path: C:\Program Files\nodejs\node.exe, Arguments: [C:\Users\dell\AppData\Roaming\npm\node_modules\appium\build\lib\main.js, --port, 4723, --address, 0.0.0.0], Output: [35m[Appium][39m Welcome to Appium v2.6.0
[35m[Appium][39m The autodetected Appium home path: C:\Users\dell\.appium
[35m[Appium][39m Attempting to load driver uiautomator2...
[35m[Appium][39m Requiring driver at C:\Users\dell\.appium\node_modules\appium-uiautomator2-driver\build\index.js
[35m[Appium][39m AndroidUiautomator2Driver has been successfully loaded in 1.524s
[38;5;0m[HTTP][0m Could not start REST http interface listener. The requested port may already be in use. Please make sure there is no other instance of this server running already.
[35m[Appium][39m Could not configure Appium server. It's possible that a driver or plugin tried to update the server and failed. Original error: listen EADDRINUSE: address already in use 0.0.0.0:4723
[35m[Appium][39m Error: listen EADDRINUSE: address already in use 0.0.0.0:4723
[35m[Appium][39m     at Server.setupListenHandle [as _listen2] (node:net:1898:16)
[35m[Appium][39m     at listenInCluster (node:net:1946:12)
[35m[Appium][39m     at doListen (node:net:2116:7)
[35m[Appium][39m     at processTicksAndRejections (node:internal/process/task_queues:83:21)
]]]>
            </message>
            <full-stacktrace>
              <![CDATA[io.appium.java_client.service.local.AppiumServerHasNotBeenStartedLocallyException: [The local appium server has not been started, Reason: Timed out waiting for [http://127.0.0.1:4723/status] to be available after 20009 ms, Consider increasing the server startup timeout value (currently 20000ms), Node.js executable path: C:\Program Files\nodejs\node.exe, Arguments: [C:\Users\dell\AppData\Roaming\npm\node_modules\appium\build\lib\main.js, --port, 4723, --address, 0.0.0.0], Output: [35m[Appium][39m Welcome to Appium v2.6.0
[35m[Appium][39m The autodetected Appium home path: C:\Users\dell\.appium
[35m[Appium][39m Attempting to load driver uiautomator2...
[35m[Appium][39m Requiring driver at C:\Users\dell\.appium\node_modules\appium-uiautomator2-driver\build\index.js
[35m[Appium][39m AndroidUiautomator2Driver has been successfully loaded in 1.524s
[38;5;0m[HTTP][0m Could not start REST http interface listener. The requested port may already be in use. Please make sure there is no other instance of this server running already.
[35m[Appium][39m Could not configure Appium server. It's possible that a driver or plugin tried to update the server and failed. Original error: listen EADDRINUSE: address already in use 0.0.0.0:4723
[35m[Appium][39m Error: listen EADDRINUSE: address already in use 0.0.0.0:4723
[35m[Appium][39m     at Server.setupListenHandle [as _listen2] (node:net:1898:16)
[35m[Appium][39m     at listenInCluster (node:net:1946:12)
[35m[Appium][39m     at doListen (node:net:2116:7)
[35m[Appium][39m     at processTicksAndRejections (node:internal/process/task_queues:83:21)
]
at io.appium.java_client.service.local.AppiumDriverLocalService.start(AppiumDriverLocalService.java:203)
at base.BaseTest.startAppiumServer(BaseTest.java:41)
at java.base/jdk.internal.reflect.DirectMethodHandleAccessor.invoke(DirectMethodHandleAccessor.java:103)
at java.base/java.lang.reflect.Method.invoke(Method.java:580)
at org.testng.internal.invokers.MethodInvocationHelper.invokeMethod(MethodInvocationHelper.java:141)
at org.testng.internal.invokers.MethodInvocationHelper.invokeMethodConsideringTimeout(MethodInvocationHelper.java:71)
at org.testng.internal.invokers.ConfigInvoker.invokeConfigurationMethod(ConfigInvoker.java:400)
at org.testng.internal.invokers.ConfigInvoker.invokeConfigurations(ConfigInvoker.java:333)
at org.testng.SuiteRunner.privateRun(SuiteRunner.java:358)
at org.testng.SuiteRunner.run(SuiteRunner.java:312)
at org.testng.SuiteRunnerWorker.runSuite(SuiteRunnerWorker.java:52)
at org.testng.SuiteRunnerWorker.run(SuiteRunnerWorker.java:95)
at org.testng.TestNG.runSuitesSequentially(TestNG.java:1274)
at org.testng.TestNG.runSuitesLocally(TestNG.java:1208)
at org.testng.TestNG.runSuites(TestNG.java:1112)
at org.testng.TestNG.run(TestNG.java:1079)
at org.testng.remote.AbstractRemoteTestNG.run(AbstractRemoteTestNG.java:115)
at org.testng.remote.RemoteTestNG.initAndRun(RemoteTestNG.java:293)
at org.testng.remote.RemoteTestNG.main(RemoteTestNG.java:91)
Caused by: org.openqa.selenium.net.UrlChecker$TimeoutException: Timed out waiting for [http://127.0.0.1:4723/status] to be available after 20009 ms
at org.openqa.selenium.net.UrlChecker.waitUntilAvailable(UrlChecker.java:94)
at io.appium.java_client.service.local.AppiumDriverLocalService.ping(AppiumDriverLocalService.java:157)
at io.appium.java_client.service.local.AppiumDriverLocalService.start(AppiumDriverLocalService.java:182)
... 18 more
Caused by: java.util.concurrent.TimeoutException
at java.base/java.util.concurrent.FutureTask.get(FutureTask.java:204)
at org.openqa.selenium.net.UrlChecker.waitUntilAvailable(UrlChecker.java:91)
... 20 more
]]>
            </full-stacktrace>
          </exception> <!-- io.appium.java_client.service.local.AppiumServerHasNotBeenStartedLocallyException -->
          <reporter-output>
          </reporter-output>
        </test-method> <!-- ModifiedOneNegDisWifiCombinedMROMethod -->
        <test-method is-config="true" signature="tearDown(org.testng.ITestResult)[pri:0, instance:UpdatedTestCases.ModifiedOneNegDisWifiCombinedMRO@452e19ca]" started-at="2024-12-12T17:11:15 IST" name="tearDown" finished-at="2024-12-12T17:11:15 IST" duration-ms="0" status="SKIP">
          <reporter-output>
          </reporter-output>
        </test-method> <!-- tearDown -->
        <test-method is-config="true" signature="stopAppiumServer()[pri:0, instance:UpdatedTestCases.ModifiedOneNegDisWifiCombinedMRO@452e19ca]" started-at="2024-12-12T17:11:16 IST" name="stopAppiumServer" finished-at="2024-12-12T17:11:16 IST" duration-ms="0" status="SKIP">
          <reporter-output>
          </reporter-output>
        </test-method> <!-- stopAppiumServer -->
      </class> <!-- UpdatedTestCases.ModifiedOneNegDisWifiCombinedMRO -->
    </test> <!-- Test -->
  </suite> <!-- Suite -->
</testng-results>
